0 info it worked if it ends with ok
1 verbose cli [ '/Users/simonebignotti/.nvm/versions/node/v0.12.18/bin/node',
1 verbose cli   '/Users/simonebignotti/.nvm/versions/node/v0.12.18/bin/npm',
1 verbose cli   'start' ]
2 info using npm@2.15.11
3 info using node@v0.12.18
4 verbose run-script [ 'prestart', 'start', 'poststart' ]
5 info prestart web-server@1.0.0
6 info start web-server@1.0.0
7 verbose unsafe-perm in lifecycle true
8 info web-server@1.0.0 Failed to exec start script
9 verbose stack Error: web-server@1.0.0 start: `node server.js`
9 verbose stack Exit status 1
9 verbose stack     at EventEmitter.<anonymous> (/Users/simonebignotti/.nvm/versions/node/v0.12.18/lib/node_modules/npm/lib/utils/lifecycle.js:217:16)
9 verbose stack     at EventEmitter.emit (events.js:110:17)
9 verbose stack     at ChildProcess.<anonymous> (/Users/simonebignotti/.nvm/versions/node/v0.12.18/lib/node_modules/npm/lib/utils/spawn.js:24:14)
9 verbose stack     at ChildProcess.emit (events.js:110:17)
9 verbose stack     at maybeClose (child_process.js:1019:16)
9 verbose stack     at Process.ChildProcess._handle.onexit (child_process.js:1091:5)
10 verbose pkgid web-server@1.0.0
11 verbose cwd /Users/simonebignotti/Documents/Thinkopen/PersonalProject/node-web-server
12 error Darwin 17.6.0
13 error argv "/Users/simonebignotti/.nvm/versions/node/v0.12.18/bin/node" "/Users/simonebignotti/.nvm/versions/node/v0.12.18/bin/npm" "start"
14 error node v0.12.18
15 error npm  v2.15.11
16 error code ELIFECYCLE
17 error web-server@1.0.0 start: `node server.js`
17 error Exit status 1
18 error Failed at the web-server@1.0.0 start script 'node server.js'.
18 error This is most likely a problem with the web-server package,
18 error not with npm itself.
18 error Tell the author that this fails on your system:
18 error     node server.js
18 error You can get information on how to open an issue for this project with:
18 error     npm bugs web-server
18 error Or if that isn't available, you can get their info via:
18 error
18 error     npm owner ls web-server
18 error There is likely additional logging output above.
19 verbose exit [ 1, true ]
